TN:
SF:src/app-data-source.js
FNF:0
FNH:0
DA:2,2
DA:3,2
DA:4,2
DA:5,2
LF:4
LH:4
BRF:0
BRH:0
end_of_record
TN:
SF:src/entity/task.entity.js
FN:2,(anonymous_0)
FN:8,(anonymous_1)
FN:14,(anonymous_2)
FN:15,Task
FNF:4
FNH:3
FNDA:8,(anonymous_0)
FNDA:6,(anonymous_1)
FNDA:2,(anonymous_2)
FNDA:0,Task
DA:2,2
DA:3,8
DA:4,8
DA:5,0
DA:6,8
DA:8,2
DA:9,6
DA:11,2
DA:12,2
DA:13,2
DA:14,2
DA:17,2
DA:21,2
DA:25,2
DA:29,2
DA:32,2
DA:34,2
LF:17
LH:16
BRDA:2,0,0,2
BRDA:2,0,1,2
BRDA:2,0,2,2
BRDA:3,1,0,2
BRDA:3,1,1,6
BRDA:3,2,0,0
BRDA:3,2,1,6
BRDA:4,3,0,8
BRDA:4,3,1,0
BRDA:4,4,0,8
BRDA:4,4,1,8
BRDA:5,5,0,0
BRDA:5,5,1,0
BRDA:5,6,0,0
BRDA:5,6,1,0
BRDA:5,7,0,0
BRDA:5,7,1,0
BRDA:5,8,0,0
BRDA:5,8,1,0
BRDA:6,9,0,8
BRDA:6,9,1,6
BRDA:6,9,2,0
BRDA:8,10,0,2
BRDA:8,10,1,2
BRDA:8,10,2,2
BRDA:9,11,0,6
BRDA:9,11,1,0
BRDA:9,12,0,6
BRDA:9,12,1,6
BRF:29
BRH:17
end_of_record
TN:
SF:src/repositories/taskRepository.js
FNF:0
FNH:0
DA:2,2
DA:3,2
DA:4,2
DA:5,2
DA:6,2
LF:5
LH:5
BRF:0
BRH:0
end_of_record
TN:
SF:src/services/tasksService.js
FN:2,(anonymous_0)
FN:3,adopt
FN:3,(anonymous_2)
FN:4,(anonymous_3)
FN:5,fulfilled
FN:6,rejected
FN:7,step
FN:11,(anonymous_7)
FN:12,(anonymous_8)
FN:13,(anonymous_9)
FN:14,verb
FN:14,(anonymous_11)
FN:15,step
FN:41,getAllTasks
FN:42,(anonymous_14)
FN:43,(anonymous_15)
FN:52,getOneTask
FN:53,(anonymous_17)
FN:55,(anonymous_18)
FN:70,createTask
FN:71,(anonymous_20)
FN:73,(anonymous_21)
FN:86,deleteTask
FN:87,(anonymous_23)
FN:88,(anonymous_24)
FNF:25
FNH:13
FNDA:2,(anonymous_0)
FNDA:2,adopt
FNDA:0,(anonymous_2)
FNDA:2,(anonymous_3)
FNDA:0,fulfilled
FNDA:2,rejected
FNDA:2,step
FNDA:2,(anonymous_7)
FNDA:2,(anonymous_8)
FNDA:0,(anonymous_9)
FNDA:6,verb
FNDA:4,(anonymous_11)
FNDA:4,step
FNDA:2,getAllTasks
FNDA:2,(anonymous_14)
FNDA:4,(anonymous_15)
FNDA:0,getOneTask
FNDA:0,(anonymous_17)
FNDA:0,(anonymous_18)
FNDA:0,createTask
FNDA:0,(anonymous_20)
FNDA:0,(anonymous_21)
FNDA:0,deleteTask
FNDA:0,(anonymous_23)
FNDA:0,(anonymous_24)
DA:2,2
DA:3,2
DA:4,2
DA:5,0
DA:6,2
DA:7,2
DA:8,2
DA:11,2
DA:12,2
DA:13,2
DA:14,6
DA:16,4
DA:17,8
DA:18,8
DA:19,8
DA:20,8
DA:21,4
DA:22,2
DA:23,0
DA:24,0
DA:26,2
DA:27,0
DA:28,0
DA:29,0
DA:30,0
DA:31,0
DA:33,4
DA:34,8
DA:35,2
DA:38,2
DA:39,2
DA:40,2
DA:42,2
DA:43,2
DA:44,4
DA:45,2
DA:46,2
DA:51,2
DA:53,0
DA:55,0
DA:56,0
DA:58,0
DA:59,0
DA:60,0
DA:62,0
DA:63,0
DA:64,0
DA:69,2
DA:71,0
DA:73,0
DA:74,0
DA:76,0
DA:77,0
DA:79,0
DA:80,0
DA:85,2
DA:87,0
DA:88,0
DA:89,0
DA:90,0
DA:92,0
DA:93,0
DA:98,2
LF:63
LH:33
BRDA:2,0,0,2
BRDA:2,0,1,2
BRDA:2,0,2,2
BRDA:3,1,0,2
BRDA:3,1,1,0
BRDA:4,2,0,2
BRDA:4,2,1,2
BRDA:7,3,0,0
BRDA:7,3,1,2
BRDA:8,4,0,2
BRDA:8,4,1,2
BRDA:11,5,0,2
BRDA:11,5,1,2
BRDA:11,5,2,2
BRDA:12,6,0,2
BRDA:12,6,1,0
BRDA:13,7,0,2
BRDA:13,7,1,2
BRDA:16,8,0,0
BRDA:16,8,1,4
BRDA:17,9,0,10
BRDA:17,9,1,2
BRDA:17,10,0,2
BRDA:17,10,1,0
BRDA:18,11,0,0
BRDA:18,11,1,8
BRDA:18,12,0,8
BRDA:18,12,1,0
BRDA:18,12,2,0
BRDA:18,13,0,0
BRDA:18,13,1,0
BRDA:18,14,0,0
BRDA:18,14,1,0
BRDA:18,15,0,0
BRDA:18,15,1,0
BRDA:18,16,0,0
BRDA:18,16,1,0
BRDA:19,17,0,0
BRDA:19,17,1,8
BRDA:20,18,0,2
BRDA:20,18,1,4
BRDA:20,18,2,2
BRDA:20,18,3,0
BRDA:20,18,4,0
BRDA:20,18,5,2
BRDA:26,19,0,2
BRDA:26,19,1,0
BRDA:26,20,0,2
BRDA:26,20,1,2
BRDA:26,20,2,0
BRDA:26,21,0,2
BRDA:26,21,1,0
BRDA:27,22,0,0
BRDA:27,22,1,0
BRDA:27,23,0,0
BRDA:27,23,1,0
BRDA:27,23,2,0
BRDA:27,23,3,0
BRDA:28,24,0,0
BRDA:28,24,1,0
BRDA:28,25,0,0
BRDA:28,25,1,0
BRDA:29,26,0,0
BRDA:29,26,1,0
BRDA:29,27,0,0
BRDA:29,27,1,0
BRDA:30,28,0,0
BRDA:30,28,1,0
BRDA:35,29,0,2
BRDA:35,29,1,0
BRDA:35,30,0,0
BRDA:35,30,1,0
BRDA:44,31,0,2
BRDA:44,31,1,2
BRDA:56,32,0,0
BRDA:56,32,1,0
BRDA:56,32,2,0
BRDA:56,32,3,0
BRDA:74,33,0,0
BRDA:74,33,1,0
BRDA:89,34,0,0
BRDA:89,34,1,0
BRF:82
BRH:33
end_of_record
